#-----------------------------------------------------------
# Vivado v2019.1 (64-bit)
# SW Build 2552052 on Fri May 24 14:49:42 MDT 2019
# IP Build 2548770 on Fri May 24 18:01:18 MDT 2019
# Start of session at: Tue Mar  1 18:29:38 2022
# Process ID: 31956
# Current directory: D:/EKF_SLAM/EKF_SLAM_RTL/RSA
# Command line: vivado.exe -gui_launcher_event rodinguilauncherevent22108 D:\EKF_SLAM\EKF_SLAM_RTL\RSA\RSA.xpr
# Log file: D:/EKF_SLAM/EKF_SLAM_RTL/RSA/vivado.log
# Journal file: D:/EKF_SLAM/EKF_SLAM_RTL/RSA\vivado.jou
#-----------------------------------------------------------
start_gui
open_project D:/EKF_SLAM/EKF_SLAM_RTL/RSA/RSA.xpr
Scanning sources...
Finished scanning sources
INFO: [IP_Flow 19-234] Refreshing IP repositories
INFO: [IP_Flow 19-1704] No user IP repositories specified
INFO: [IP_Flow 19-2313] Loaded Vivado IP repository 'D:/Software/Vivado2019/Vivado/2019.1/data/ip'.
open_project: Time (s): cpu = 00:00:11 ; elapsed = 00:00:06 . Memory (MB): peak = 894.758 ; gain = 219.543
update_compile_order -fileset sources_1
exit
INFO: [Common 17-206] Exiting Vivado at Tue Mar  1 18:30:08 2022...
